[16:33:12] ════════════════════════════════════════════════════════════
[16:33:12] 🚀 MarketSense ETL — Inicio de carga
[16:33:12] ════════════════════════════════════════════════════════════
[16:33:12] Creando tablas (si no existen)...
[16:33:14] ✅ Tablas listas
[16:33:14] 
[16:33:14] ── CARGANDO CSVs PRINCIPALES ──
[16:33:14]   📄 Leyendo 01_company_info.csv...
[16:33:14]   📦 Insertando 500 filas en 'empresas'...
[16:33:16]   ✅ 500 filas → 'empresas'
[16:33:16]   📄 Leyendo 02_company_news_sentiment.csv...
[16:33:16]   📦 Insertando 15,048 filas en 'noticias_sentimiento'...
[16:33:19]   ✅ 15,048 filas → 'noticias_sentimiento'
[16:33:19]   📄 Leyendo 03_company_balance_sheet.csv...
[16:33:19]   📦 Insertando 158,823 filas en 'balance_general'...
[16:33:34]   ✅ 158,823 filas → 'balance_general'
[16:33:34]   📄 Leyendo 04_company_financials.csv...
[16:33:34]   📦 Insertando 101,867 filas en 'datos_financieros'...
[16:33:45]   ✅ 101,867 filas → 'datos_financieros'
[16:33:45]   📄 Leyendo 05_company_filings.csv...
[16:33:46]   📦 Insertando 37,089 filas en 'presentaciones_sec'...
[16:33:50]   ✅ 37,089 filas → 'presentaciones_sec'
[16:33:50]   📄 Leyendo 06_company_officers.csv...
[16:33:51]   📦 Insertando 4,266 filas en 'ejecutivos'...
[16:33:52]   ✅ 4,266 filas → 'ejecutivos'
[16:33:52] 
[16:33:52] ── CARGANDO PRECIOS HISTÓRICOS ──
[16:33:52]   📈 Encontrados 528 archivos de precios
[16:34:04]   ❌ Error en precios: Can't reconnect until invalid transaction is rolled back.  Please rollback() fully before proceeding (Background on this error at: https://sqlalche.me/e/20/8s2b)
[16:34:04] 
[16:34:04] ════════════════════════════════════════════════════════════
[16:34:04] 🏁 ETL completado en 51.9s — 317,593 filas totales
[16:34:04] ════════════════════════════════════════════════════════════
